единиц   =   135
двоек    =   122
троек    =   114
четверок =   93
пятерок  =   106
шестерок =   107
единиц   =   128
двоек    =   127
троек    =   101
четверок =   112
пятерок  =   119
шестерок =   109
единиц   =   101
двоек    =   119
троек    =   117
четверок =   119
пятерок  =   114
шестерок =   120
единиц   =   123
двоек    =   105
троек    =   120
четверок =   125
пятерок  =   109
шестерок =   111
единиц   =   119
двоек    =   125
троек    =   122
четверок =   107
пятерок  =   108
шестерок =   118
единиц   =   133
двоек    =   91
троек    =   144
четверок =   97
пятерок  =   110
шестерок =   119
